  test_horizontal_balance.c
c:\users\nevin\onedrive\documents\unsw\comp1511\assignment\captcha.h(1): error C2057: expected constant expression
c:\users\nevin\onedrive\documents\unsw\comp1511\assignment\captcha.h(1): error C2466: cannot allocate an array of constant size 0
c:\users\nevin\onedrive\documents\unsw\comp1511\assignment\captcha.h(1): error C2087: 'pixels': missing subscript
c:\users\nevin\onedrive\documents\unsw\comp1511\assignment\captcha.h(3): error C2057: expected constant expression
c:\users\nevin\onedrive\documents\unsw\comp1511\assignment\captcha.h(3): error C2466: cannot allocate an array of constant size 0
c:\users\nevin\onedrive\documents\unsw\comp1511\assignment\captcha.h(3): error C2087: 'pixels': missing subscript
c:\users\nevin\onedrive\documents\unsw\comp1511\assignment\captcha.h(4): error C2057: expected constant expression
c:\users\nevin\onedrive\documents\unsw\comp1511\assignment\captcha.h(4): error C2466: cannot allocate an array of constant size 0
c:\users\nevin\onedrive\documents\unsw\comp1511\assignment\captcha.h(4): error C2087: 'pixels': missing subscript
c:\users\nevin\onedrive\documents\unsw\comp1511\assignment\captcha.h(6): error C2057: expected constant expression
c:\users\nevin\onedrive\documents\unsw\comp1511\assignment\captcha.h(6): error C2466: cannot allocate an array of constant size 0
c:\users\nevin\onedrive\documents\unsw\comp1511\assignment\captcha.h(6): error C2087: 'pixels': missing subscript
c:\users\nevin\onedrive\documents\unsw\comp1511\assignment\captcha.h(8): error C2057: expected constant expression
c:\users\nevin\onedrive\documents\unsw\comp1511\assignment\captcha.h(8): error C2466: cannot allocate an array of constant size 0
c:\users\nevin\onedrive\documents\unsw\comp1511\assignment\captcha.h(8): error C2087: 'copy': missing subscript
c:\users\nevin\onedrive\documents\unsw\comp1511\assignment\captcha.h(9): error C2057: expected constant expression
c:\users\nevin\onedrive\documents\unsw\comp1511\assignment\captcha.h(9): error C2466: cannot allocate an array of constant size 0
c:\users\nevin\onedrive\documents\unsw\comp1511\assignment\captcha.h(9): error C2087: 'pixels': missing subscript
c:\users\nevin\onedrive\documents\unsw\comp1511\assignment\test_horizontal_balance.c(17): error C2057: expected constant expression
c:\users\nevin\onedrive\documents\unsw\comp1511\assignment\test_horizontal_balance.c(17): error C2466: cannot allocate an array of constant size 0
c:\users\nevin\onedrive\documents\unsw\comp1511\assignment\test_horizontal_balance.c(17): error C2087: 'pixels': missing subscript
c:\users\nevin\onedrive\documents\unsw\comp1511\assignment\test_horizontal_balance.c(17): error C2133: 'pixels': unknown size
c:\users\nevin\onedrive\documents\unsw\comp1511\assignment\test_horizontal_balance.c(21): error C2057: expected constant expression
c:\users\nevin\onedrive\documents\unsw\comp1511\assignment\test_horizontal_balance.c(21): error C2466: cannot allocate an array of constant size 0
c:\users\nevin\onedrive\documents\unsw\comp1511\assignment\test_horizontal_balance.c(21): error C2087: 'box_pixels': missing subscript
c:\users\nevin\onedrive\documents\unsw\comp1511\assignment\test_horizontal_balance.c(21): error C2133: 'box_pixels': unknown size
  read_pbm.c
c:\users\nevin\onedrive\documents\unsw\comp1511\assignment\captcha.h(1): error C2057: expected constant expression
c:\users\nevin\onedrive\documents\unsw\comp1511\assignment\captcha.h(1): error C2466: cannot allocate an array of constant size 0
c:\users\nevin\onedrive\documents\unsw\comp1511\assignment\captcha.h(1): error C2087: 'pixels': missing subscript
c:\users\nevin\onedrive\documents\unsw\comp1511\assignment\captcha.h(3): error C2057: expected constant expression
c:\users\nevin\onedrive\documents\unsw\comp1511\assignment\captcha.h(3): error C2466: cannot allocate an array of constant size 0
c:\users\nevin\onedrive\documents\unsw\comp1511\assignment\captcha.h(3): error C2087: 'pixels': missing subscript
c:\users\nevin\onedrive\documents\unsw\comp1511\assignment\captcha.h(4): error C2057: expected constant expression
c:\users\nevin\onedrive\documents\unsw\comp1511\assignment\captcha.h(4): error C2466: cannot allocate an array of constant size 0
c:\users\nevin\onedrive\documents\unsw\comp1511\assignment\captcha.h(4): error C2087: 'pixels': missing subscript
c:\users\nevin\onedrive\documents\unsw\comp1511\assignment\captcha.h(6): error C2057: expected constant expression
c:\users\nevin\onedrive\documents\unsw\comp1511\assignment\captcha.h(6): error C2466: cannot allocate an array of constant size 0
c:\users\nevin\onedrive\documents\unsw\comp1511\assignment\captcha.h(6): error C2087: 'pixels': missing subscript
c:\users\nevin\onedrive\documents\unsw\comp1511\assignment\captcha.h(8): error C2057: expected constant expression
c:\users\nevin\onedrive\documents\unsw\comp1511\assignment\captcha.h(8): error C2466: cannot allocate an array of constant size 0
c:\users\nevin\onedrive\documents\unsw\comp1511\assignment\captcha.h(8): error C2087: 'copy': missing subscript
c:\users\nevin\onedrive\documents\unsw\comp1511\assignment\captcha.h(9): error C2057: expected constant expression
c:\users\nevin\onedrive\documents\unsw\comp1511\assignment\captcha.h(9): error C2466: cannot allocate an array of constant size 0
c:\users\nevin\onedrive\documents\unsw\comp1511\assignment\captcha.h(9): error C2087: 'pixels': missing subscript
c:\users\nevin\onedrive\documents\unsw\comp1511\assignment\read_pbm.c(11): error C2057: expected constant expression
c:\users\nevin\onedrive\documents\unsw\comp1511\assignment\read_pbm.c(11): error C2466: cannot allocate an array of constant size 0
c:\users\nevin\onedrive\documents\unsw\comp1511\assignment\read_pbm.c(11): error C2087: 'pixels': missing subscript
c:\users\nevin\onedrive\documents\unsw\comp1511\assignment\read_pbm.c(23): error C2057: expected constant expression
c:\users\nevin\onedrive\documents\unsw\comp1511\assignment\read_pbm.c(23): error C2466: cannot allocate an array of constant size 0
c:\users\nevin\onedrive\documents\unsw\comp1511\assignment\read_pbm.c(23): error C2087: 'pixels': missing subscript
c:\users\nevin\onedrive\documents\unsw\comp1511\assignment\read_pbm.c(27): warning C4996: 'fopen': This function or variable may be unsafe. Consider using fopen_s instead. To disable deprecation, use _CRT_SECURE_NO_WARNINGS. See online help for details.
  c:\program files (x86)\windows kits\10\include\10.0.15063.0\ucrt\stdio.h(207): note: see declaration of 'fopen'
c:\users\nevin\onedrive\documents\unsw\comp1511\assignment\read_pbm.c(59): warning C4996: 'fopen': This function or variable may be unsafe. Consider using fopen_s instead. To disable deprecation, use _CRT_SECURE_NO_WARNINGS. See online help for details.
  c:\program files (x86)\windows kits\10\include\10.0.15063.0\ucrt\stdio.h(207): note: see declaration of 'fopen'
c:\users\nevin\onedrive\documents\unsw\comp1511\assignment\read_pbm.c(77): warning C4996: 'fscanf': This function or variable may be unsafe. Consider using fscanf_s instead. To disable deprecation, use _CRT_SECURE_NO_WARNINGS. See online help for details.
  c:\program files (x86)\windows kits\10\include\10.0.15063.0\ucrt\stdio.h(1195): note: see declaration of 'fscanf'
c:\users\nevin\onedrive\documents\unsw\comp1511\assignment\read_pbm.c(78): warning C4996: 'fscanf': This function or variable may be unsafe. Consider using fscanf_s instead. To disable deprecation, use _CRT_SECURE_NO_WARNINGS. See online help for details.
  c:\program files (x86)\windows kits\10\include\10.0.15063.0\ucrt\stdio.h(1195): note: see declaration of 'fscanf'
c:\users\nevin\onedrive\documents\unsw\comp1511\assignment\read_pbm.c(92): error C2057: expected constant expression
c:\users\nevin\onedrive\documents\unsw\comp1511\assignment\read_pbm.c(92): error C2466: cannot allocate an array of constant size 0
c:\users\nevin\onedrive\documents\unsw\comp1511\assignment\read_pbm.c(92): error C2087: 'pixels': missing subscript
  print_image.c
c:\users\nevin\onedrive\documents\unsw\comp1511\assignment\captcha.h(1): error C2057: expected constant expression
c:\users\nevin\onedrive\documents\unsw\comp1511\assignment\captcha.h(1): error C2466: cannot allocate an array of constant size 0
c:\users\nevin\onedrive\documents\unsw\comp1511\assignment\captcha.h(1): error C2087: 'pixels': missing subscript
c:\users\nevin\onedrive\documents\unsw\comp1511\assignment\captcha.h(3): error C2057: expected constant expression
c:\users\nevin\onedrive\documents\unsw\comp1511\assignment\captcha.h(3): error C2466: cannot allocate an array of constant size 0
c:\users\nevin\onedrive\documents\unsw\comp1511\assignment\captcha.h(3): error C2087: 'pixels': missing subscript
c:\users\nevin\onedrive\documents\unsw\comp1511\assignment\captcha.h(4): error C2057: expected constant expression
c:\users\nevin\onedrive\documents\unsw\comp1511\assignment\captcha.h(4): error C2466: cannot allocate an array of constant size 0
c:\users\nevin\onedrive\documents\unsw\comp1511\assignment\captcha.h(4): error C2087: 'pixels': missing subscript
c:\users\nevin\onedrive\documents\unsw\comp1511\assignment\captcha.h(6): error C2057: expected constant expression
c:\users\nevin\onedrive\documents\unsw\comp1511\assignment\captcha.h(6): error C2466: cannot allocate an array of constant size 0
c:\users\nevin\onedrive\documents\unsw\comp1511\assignment\captcha.h(6): error C2087: 'pixels': missing subscript
c:\users\nevin\onedrive\documents\unsw\comp1511\assignment\captcha.h(8): error C2057: expected constant expression
c:\users\nevin\onedrive\documents\unsw\comp1511\assignment\captcha.h(8): error C2466: cannot allocate an array of constant size 0
c:\users\nevin\onedrive\documents\unsw\comp1511\assignment\captcha.h(8): error C2087: 'copy': missing subscript
c:\users\nevin\onedrive\documents\unsw\comp1511\assignment\captcha.h(9): error C2057: expected constant expression
c:\users\nevin\onedrive\documents\unsw\comp1511\assignment\captcha.h(9): error C2466: cannot allocate an array of constant size 0
c:\users\nevin\onedrive\documents\unsw\comp1511\assignment\captcha.h(9): error C2087: 'pixels': missing subscript
c:\users\nevin\onedrive\documents\unsw\comp1511\assignment\print_image.c(4): error C2057: expected constant expression
c:\users\nevin\onedrive\documents\unsw\comp1511\assignment\print_image.c(4): error C2466: cannot allocate an array of constant size 0
c:\users\nevin\onedrive\documents\unsw\comp1511\assignment\print_image.c(4): error C2087: 'pixels': missing subscript
  horizontal_balance.c
c:\users\nevin\onedrive\documents\unsw\comp1511\assignment\captcha.h(1): error C2057: expected constant expression
c:\users\nevin\onedrive\documents\unsw\comp1511\assignment\captcha.h(1): error C2466: cannot allocate an array of constant size 0
c:\users\nevin\onedrive\documents\unsw\comp1511\assignment\captcha.h(1): error C2087: 'pixels': missing subscript
c:\users\nevin\onedrive\documents\unsw\comp1511\assignment\captcha.h(3): error C2057: expected constant expression
c:\users\nevin\onedrive\documents\unsw\comp1511\assignment\captcha.h(3): error C2466: cannot allocate an array of constant size 0
c:\users\nevin\onedrive\documents\unsw\comp1511\assignment\captcha.h(3): error C2087: 'pixels': missing subscript
c:\users\nevin\onedrive\documents\unsw\comp1511\assignment\captcha.h(4): error C2057: expected constant expression
c:\users\nevin\onedrive\documents\unsw\comp1511\assignment\captcha.h(4): error C2466: cannot allocate an array of constant size 0
c:\users\nevin\onedrive\documents\unsw\comp1511\assignment\captcha.h(4): error C2087: 'pixels': missing subscript
c:\users\nevin\onedrive\documents\unsw\comp1511\assignment\captcha.h(6): error C2057: expected constant expression
c:\users\nevin\onedrive\documents\unsw\comp1511\assignment\captcha.h(6): error C2466: cannot allocate an array of constant size 0
c:\users\nevin\onedrive\documents\unsw\comp1511\assignment\captcha.h(6): error C2087: 'pixels': missing subscript
c:\users\nevin\onedrive\documents\unsw\comp1511\assignment\captcha.h(8): error C2057: expected constant expression
c:\users\nevin\onedrive\documents\unsw\comp1511\assignment\captcha.h(8): error C2466: cannot allocate an array of constant size 0
c:\users\nevin\onedrive\documents\unsw\comp1511\assignment\captcha.h(8): error C2087: 'copy': missing subscript
c:\users\nevin\onedrive\documents\unsw\comp1511\assignment\captcha.h(9): error C2057: expected constant expression
c:\users\nevin\onedrive\documents\unsw\comp1511\assignment\captcha.h(9): error C2466: cannot allocate an array of constant size 0
c:\users\nevin\onedrive\documents\unsw\comp1511\assignment\captcha.h(9): error C2087: 'pixels': missing subscript
c:\users\nevin\onedrive\documents\unsw\comp1511\assignment\horizontal_balance.c(3): error C2057: expected constant expression
c:\users\nevin\onedrive\documents\unsw\comp1511\assignment\horizontal_balance.c(3): error C2466: cannot allocate an array of constant size 0
c:\users\nevin\onedrive\documents\unsw\comp1511\assignment\horizontal_balance.c(3): error C2087: 'pixels': missing subscript
  crack_digit.c
c:\users\nevin\onedrive\documents\unsw\comp1511\assignment\captcha.h(1): error C2057: expected constant expression
c:\users\nevin\onedrive\documents\unsw\comp1511\assignment\captcha.h(1): error C2466: cannot allocate an array of constant size 0
c:\users\nevin\onedrive\documents\unsw\comp1511\assignment\captcha.h(1): error C2087: 'pixels': missing subscript
c:\users\nevin\onedrive\documents\unsw\comp1511\assignment\captcha.h(3): error C2057: expected constant expression
c:\users\nevin\onedrive\documents\unsw\comp1511\assignment\captcha.h(3): error C2466: cannot allocate an array of constant size 0
c:\users\nevin\onedrive\documents\unsw\comp1511\assignment\captcha.h(3): error C2087: 'pixels': missing subscript
c:\users\nevin\onedrive\documents\unsw\comp1511\assignment\captcha.h(4): error C2057: expected constant expression
c:\users\nevin\onedrive\documents\unsw\comp1511\assignment\captcha.h(4): error C2466: cannot allocate an array of constant size 0
c:\users\nevin\onedrive\documents\unsw\comp1511\assignment\captcha.h(4): error C2087: 'pixels': missing subscript
c:\users\nevin\onedrive\documents\unsw\comp1511\assignment\captcha.h(6): error C2057: expected constant expression
c:\users\nevin\onedrive\documents\unsw\comp1511\assignment\captcha.h(6): error C2466: cannot allocate an array of constant size 0
c:\users\nevin\onedrive\documents\unsw\comp1511\assignment\captcha.h(6): error C2087: 'pixels': missing subscript
c:\users\nevin\onedrive\documents\unsw\comp1511\assignment\captcha.h(8): error C2057: expected constant expression
c:\users\nevin\onedrive\documents\unsw\comp1511\assignment\captcha.h(8): error C2466: cannot allocate an array of constant size 0
c:\users\nevin\onedrive\documents\unsw\comp1511\assignment\captcha.h(8): error C2087: 'copy': missing subscript
c:\users\nevin\onedrive\documents\unsw\comp1511\assignment\captcha.h(9): error C2057: expected constant expression
c:\users\nevin\onedrive\documents\unsw\comp1511\assignment\captcha.h(9): error C2466: cannot allocate an array of constant size 0
c:\users\nevin\onedrive\documents\unsw\comp1511\assignment\captcha.h(9): error C2087: 'pixels': missing subscript
c:\users\nevin\onedrive\documents\unsw\comp1511\assignment\crack_digit.c(17): error C2057: expected constant expression
c:\users\nevin\onedrive\documents\unsw\comp1511\assignment\crack_digit.c(17): error C2466: cannot allocate an array of constant size 0
c:\users\nevin\onedrive\documents\unsw\comp1511\assignment\crack_digit.c(17): error C2087: 'pixels': missing subscript
c:\users\nevin\onedrive\documents\unsw\comp1511\assignment\crack_digit.c(17): error C2133: 'pixels': unknown size
c:\users\nevin\onedrive\documents\unsw\comp1511\assignment\crack_digit.c(21): error C2057: expected constant expression
c:\users\nevin\onedrive\documents\unsw\comp1511\assignment\crack_digit.c(21): error C2466: cannot allocate an array of constant size 0
c:\users\nevin\onedrive\documents\unsw\comp1511\assignment\crack_digit.c(21): error C2087: 'box_pixels': missing subscript
c:\users\nevin\onedrive\documents\unsw\comp1511\assignment\crack_digit.c(21): error C2133: 'box_pixels': unknown size
  copy_pixels.c
c:\users\nevin\onedrive\documents\unsw\comp1511\assignment\captcha.h(1): error C2057: expected constant expression
c:\users\nevin\onedrive\documents\unsw\comp1511\assignment\captcha.h(1): error C2466: cannot allocate an array of constant size 0
c:\users\nevin\onedrive\documents\unsw\comp1511\assignment\captcha.h(1): error C2087: 'pixels': missing subscript
c:\users\nevin\onedrive\documents\unsw\comp1511\assignment\captcha.h(3): error C2057: expected constant expression
c:\users\nevin\onedrive\documents\unsw\comp1511\assignment\captcha.h(3): error C2466: cannot allocate an array of constant size 0
c:\users\nevin\onedrive\documents\unsw\comp1511\assignment\captcha.h(3): error C2087: 'pixels': missing subscript
c:\users\nevin\onedrive\documents\unsw\comp1511\assignment\captcha.h(4): error C2057: expected constant expression
c:\users\nevin\onedrive\documents\unsw\comp1511\assignment\captcha.h(4): error C2466: cannot allocate an array of constant size 0
c:\users\nevin\onedrive\documents\unsw\comp1511\assignment\captcha.h(4): error C2087: 'pixels': missing subscript
c:\users\nevin\onedrive\documents\unsw\comp1511\assignment\captcha.h(6): error C2057: expected constant expression
c:\users\nevin\onedrive\documents\unsw\comp1511\assignment\captcha.h(6): error C2466: cannot allocate an array of constant size 0
c:\users\nevin\onedrive\documents\unsw\comp1511\assignment\captcha.h(6): error C2087: 'pixels': missing subscript
c:\users\nevin\onedrive\documents\unsw\comp1511\assignment\captcha.h(8): error C2057: expected constant expression
c:\users\nevin\onedrive\documents\unsw\comp1511\assignment\captcha.h(8): error C2466: cannot allocate an array of constant size 0
c:\users\nevin\onedrive\documents\unsw\comp1511\assignment\captcha.h(8): error C2087: 'copy': missing subscript
c:\users\nevin\onedrive\documents\unsw\comp1511\assignment\captcha.h(9): error C2057: expected constant expression
c:\users\nevin\onedrive\documents\unsw\comp1511\assignment\captcha.h(9): error C2466: cannot allocate an array of constant size 0
c:\users\nevin\onedrive\documents\unsw\comp1511\assignment\captcha.h(9): error C2087: 'pixels': missing subscript
c:\users\nevin\onedrive\documents\unsw\comp1511\assignment\copy_pixels.c(3): error C2057: expected constant expression
c:\users\nevin\onedrive\documents\unsw\comp1511\assignment\copy_pixels.c(3): error C2466: cannot allocate an array of constant size 0
c:\users\nevin\onedrive\documents\unsw\comp1511\assignment\copy_pixels.c(3): error C2087: 'pixels': missing subscript
c:\users\nevin\onedrive\documents\unsw\comp1511\assignment\copy_pixels.c(5): error C2057: expected constant expression
c:\users\nevin\onedrive\documents\unsw\comp1511\assignment\copy_pixels.c(5): error C2466: cannot allocate an array of constant size 0
c:\users\nevin\onedrive\documents\unsw\comp1511\assignment\copy_pixels.c(5): error C2087: 'copy': missing subscript
  bounding_box.c
c:\users\nevin\onedrive\documents\unsw\comp1511\assignment\captcha.h(1): error C2057: expected constant expression
c:\users\nevin\onedrive\documents\unsw\comp1511\assignment\captcha.h(1): error C2466: cannot allocate an array of constant size 0
c:\users\nevin\onedrive\documents\unsw\comp1511\assignment\captcha.h(1): error C2087: 'pixels': missing subscript
c:\users\nevin\onedrive\documents\unsw\comp1511\assignment\captcha.h(3): error C2057: expected constant expression
c:\users\nevin\onedrive\documents\unsw\comp1511\assignment\captcha.h(3): error C2466: cannot allocate an array of constant size 0
c:\users\nevin\onedrive\documents\unsw\comp1511\assignment\captcha.h(3): error C2087: 'pixels': missing subscript
c:\users\nevin\onedrive\documents\unsw\comp1511\assignment\captcha.h(4): error C2057: expected constant expression
c:\users\nevin\onedrive\documents\unsw\comp1511\assignment\captcha.h(4): error C2466: cannot allocate an array of constant size 0
c:\users\nevin\onedrive\documents\unsw\comp1511\assignment\captcha.h(4): error C2087: 'pixels': missing subscript
c:\users\nevin\onedrive\documents\unsw\comp1511\assignment\captcha.h(6): error C2057: expected constant expression
c:\users\nevin\onedrive\documents\unsw\comp1511\assignment\captcha.h(6): error C2466: cannot allocate an array of constant size 0
c:\users\nevin\onedrive\documents\unsw\comp1511\assignment\captcha.h(6): error C2087: 'pixels': missing subscript
c:\users\nevin\onedrive\documents\unsw\comp1511\assignment\captcha.h(8): error C2057: expected constant expression
c:\users\nevin\onedrive\documents\unsw\comp1511\assignment\captcha.h(8): error C2466: cannot allocate an array of constant size 0
c:\users\nevin\onedrive\documents\unsw\comp1511\assignment\captcha.h(8): error C2087: 'copy': missing subscript
c:\users\nevin\onedrive\documents\unsw\comp1511\assignment\captcha.h(9): error C2057: expected constant expression
c:\users\nevin\onedrive\documents\unsw\comp1511\assignment\captcha.h(9): error C2466: cannot allocate an array of constant size 0
c:\users\nevin\onedrive\documents\unsw\comp1511\assignment\captcha.h(9): error C2087: 'pixels': missing subscript
c:\users\nevin\onedrive\documents\unsw\comp1511\assignment\bounding_box.c(3): error C2057: expected constant expression
c:\users\nevin\onedrive\documents\unsw\comp1511\assignment\bounding_box.c(3): error C2466: cannot allocate an array of constant size 0
c:\users\nevin\onedrive\documents\unsw\comp1511\assignment\bounding_box.c(3): error C2087: 'pixels': missing subscript
  Generating Code...
